[2022-02-08 07:53:34,512 WARNING] Some characters could not be decoded, and were replaced with REPLACEMENT CHARACTER.
[2022-02-08 07:53:36,285 WARNING] Some characters could not be decoded, and were replaced with REPLACEMENT CHARACTER.
[2022-02-08 07:53:37,742 WARNING] Some characters could not be decoded, and were replaced with REPLACEMENT CHARACTER.
[2022-02-08 07:53:39,540 WARNING] Some characters could not be decoded, and were replaced with REPLACEMENT CHARACTER.
[2022-02-08 07:53:41,048 WARNING] Some characters could not be decoded, and were replaced with REPLACEMENT CHARACTER.
[2022-02-08 07:53:42,617 WARNING] Some characters could not be decoded, and were replaced with REPLACEMENT CHARACTER.
[2022-02-08 07:54:34,504 WARNING] Some characters could not be decoded, and were replaced with REPLACEMENT CHARACTER.
[2022-02-08 07:54:36,034 WARNING] Some characters could not be decoded, and were replaced with REPLACEMENT CHARACTER.
[2022-02-08 07:55:07,987 WARNING] Some characters could not be decoded, and were replaced with REPLACEMENT CHARACTER.
[2022-02-08 07:55:09,685 WARNING] Some characters could not be decoded, and were replaced with REPLACEMENT CHARACTER.
[2022-02-08 07:55:52,115 WARNING] Some characters could not be decoded, and were replaced with REPLACEMENT CHARACTER.
[2022-02-08 07:55:53,626 WARNING] Some characters could not be decoded, and were replaced with REPLACEMENT CHARACTER.
[2022-02-08 07:56:20,266 WARNING] Some characters could not be decoded, and were replaced with REPLACEMENT CHARACTER.
[2022-02-08 07:56:21,783 WARNING] Some characters could not be decoded, and were replaced with REPLACEMENT CHARACTER.
[2022-02-08 07:58:11,870 WARNING] Some characters could not be decoded, and were replaced with REPLACEMENT CHARACTER.
[2022-02-08 07:58:13,449 WARNING] Some characters could not be decoded, and were replaced with REPLACEMENT CHARACTER.
[2022-02-08 07:59:45,478 WARNING] Some characters could not be decoded, and were replaced with REPLACEMENT CHARACTER.
[2022-02-08 07:59:47,205 WARNING] Some characters could not be decoded, and were replaced with REPLACEMENT CHARACTER.
[2022-02-08 08:00:53,073 WARNING] Some characters could not be decoded, and were replaced with REPLACEMENT CHARACTER.
[2022-02-08 08:00:54,657 WARNING] Some characters could not be decoded, and were replaced with REPLACEMENT CHARACTER.
[2022-02-08 08:02:10,730 WARNING] Some characters could not be decoded, and were replaced with REPLACEMENT CHARACTER.
[2022-02-08 08:02:12,459 WARNING] Some characters could not be decoded, and were replaced with REPLACEMENT CHARACTER.
[2022-02-08 08:02:31,423 WARNING] Some characters could not be decoded, and were replaced with REPLACEMENT CHARACTER.
[2022-02-08 08:02:33,027 WARNING] Some characters could not be decoded, and were replaced with REPLACEMENT CHARACTER.
[2022-02-08 08:02:58,670 WARNING] Some characters could not be decoded, and were replaced with REPLACEMENT CHARACTER.
[2022-02-08 08:03:00,208 WARNING] Some characters could not be decoded, and were replaced with REPLACEMENT CHARACTER.
[2022-02-08 08:04:17,184 WARNING] Some characters could not be decoded, and were replaced with REPLACEMENT CHARACTER.
[2022-02-08 08:04:18,728 WARNING] Some characters could not be decoded, and were replaced with REPLACEMENT CHARACTER.
[2022-02-08 08:05:30,710 WARNING] Some characters could not be decoded, and were replaced with REPLACEMENT CHARACTER.
[2022-02-08 08:05:32,428 WARNING] Some characters could not be decoded, and were replaced with REPLACEMENT CHARACTER.
[2022-02-08 08:07:01,196 WARNING] Some characters could not be decoded, and were replaced with REPLACEMENT CHARACTER.
[2022-02-08 08:07:02,875 WARNING] Some characters could not be decoded, and were replaced with REPLACEMENT CHARACTER.
[2022-02-08 08:07:33,621 WARNING] Some characters could not be decoded, and were replaced with REPLACEMENT CHARACTER.
[2022-02-08 08:07:35,131 WARNING] Some characters could not be decoded, and were replaced with REPLACEMENT CHARACTER.
[2022-02-08 08:08:27,148 WARNING] Some characters could not be decoded, and were replaced with REPLACEMENT CHARACTER.
[2022-02-08 08:08:28,718 WARNING] Some characters could not be decoded, and were replaced with REPLACEMENT CHARACTER.
[2022-02-08 08:14:04,252 ERROR] An unexpected error occurred while tokenizing input
The following traceback may be corrupted or invalid
The error message is: ('EOF in multi-line string', (1, 0))

[2022-02-08 08:15:07,449 ERROR] An unexpected error occurred while tokenizing input
The following traceback may be corrupted or invalid
The error message is: ('EOF in multi-line string', (1, 0))

[2022-02-08 08:15:27,790 ERROR] An unexpected error occurred while tokenizing input
The following traceback may be corrupted or invalid
The error message is: ('EOF in multi-line string', (1, 0))

[2022-02-08 08:27:30,982 WARNING] Some characters could not be decoded, and were replaced with REPLACEMENT CHARACTER.
[2022-02-08 08:27:32,501 WARNING] Some characters could not be decoded, and were replaced with REPLACEMENT CHARACTER.
[2022-02-08 08:27:34,182 WARNING] Some characters could not be decoded, and were replaced with REPLACEMENT CHARACTER.
[2022-02-08 08:27:35,870 WARNING] Some characters could not be decoded, and were replaced with REPLACEMENT CHARACTER.
[2022-02-08 08:27:37,332 WARNING] Some characters could not be decoded, and were replaced with REPLACEMENT CHARACTER.
[2022-02-08 08:27:38,844 WARNING] Some characters could not be decoded, and were replaced with REPLACEMENT CHARACTER.
[2022-02-08 08:33:15,451 ERROR] An unexpected error occurred while tokenizing input
The following traceback may be corrupted or invalid
The error message is: ('EOF in multi-line string', (1, 0))

[2022-02-08 08:33:33,662 ERROR] An unexpected error occurred while tokenizing input
The following traceback may be corrupted or invalid
The error message is: ('EOF in multi-line string', (1, 0))

[2022-02-09 10:09:43,079 WARNING] Some characters could not be decoded, and were replaced with REPLACEMENT CHARACTER.
[2022-02-09 10:09:44,963 WARNING] Some characters could not be decoded, and were replaced with REPLACEMENT CHARACTER.
[2022-02-09 10:09:47,257 WARNING] Some characters could not be decoded, and were replaced with REPLACEMENT CHARACTER.
[2022-02-09 10:09:50,281 WARNING] Some characters could not be decoded, and were replaced with REPLACEMENT CHARACTER.
[2022-02-09 10:09:53,001 WARNING] Some characters could not be decoded, and were replaced with REPLACEMENT CHARACTER.
[2022-02-09 10:09:54,945 WARNING] Some characters could not be decoded, and were replaced with REPLACEMENT CHARACTER.
[2022-02-09 14:05:42,339 WARNING] Some characters could not be decoded, and were replaced with REPLACEMENT CHARACTER.
[2022-02-09 14:05:45,003 WARNING] Some characters could not be decoded, and were replaced with REPLACEMENT CHARACTER.
[2022-02-09 14:05:47,769 WARNING] Some characters could not be decoded, and were replaced with REPLACEMENT CHARACTER.
[2022-02-09 14:05:50,743 WARNING] Some characters could not be decoded, and were replaced with REPLACEMENT CHARACTER.
[2022-02-09 14:05:52,505 WARNING] Some characters could not be decoded, and were replaced with REPLACEMENT CHARACTER.
[2022-02-09 14:05:53,900 WARNING] Some characters could not be decoded, and were replaced with REPLACEMENT CHARACTER.
[2022-02-09 14:27:24,833 ERROR] An unexpected error occurred while tokenizing input
The following traceback may be corrupted or invalid
The error message is: ('EOF in multi-line string', (1, 0))

[2022-02-09 14:34:23,073 WARNING] Some characters could not be decoded, and were replaced with REPLACEMENT CHARACTER.
[2022-02-09 14:34:25,460 WARNING] Some characters could not be decoded, and were replaced with REPLACEMENT CHARACTER.
[2022-02-09 14:34:27,545 WARNING] Some characters could not be decoded, and were replaced with REPLACEMENT CHARACTER.
[2022-02-09 14:34:29,115 WARNING] Some characters could not be decoded, and were replaced with REPLACEMENT CHARACTER.
[2022-02-09 14:34:30,775 WARNING] Some characters could not be decoded, and were replaced with REPLACEMENT CHARACTER.
[2022-02-09 14:34:31,855 WARNING] Some characters could not be decoded, and were replaced with REPLACEMENT CHARACTER.
[2022-02-09 14:45:57,002 WARNING] Some characters could not be decoded, and were replaced with REPLACEMENT CHARACTER.
[2022-02-09 14:45:59,081 WARNING] Some characters could not be decoded, and were replaced with REPLACEMENT CHARACTER.
[2022-02-09 14:46:00,561 WARNING] Some characters could not be decoded, and were replaced with REPLACEMENT CHARACTER.
[2022-02-09 14:46:03,430 WARNING] Some characters could not be decoded, and were replaced with REPLACEMENT CHARACTER.
[2022-02-09 14:46:05,859 WARNING] Some characters could not be decoded, and were replaced with REPLACEMENT CHARACTER.
[2022-02-09 14:46:08,704 WARNING] Some characters could not be decoded, and were replaced with REPLACEMENT CHARACTER.
[2022-02-10 07:11:06,728 WARNING] Some characters could not be decoded, and were replaced with REPLACEMENT CHARACTER.
[2022-02-10 07:11:08,498 WARNING] Some characters could not be decoded, and were replaced with REPLACEMENT CHARACTER.
[2022-02-10 07:11:09,944 WARNING] Some characters could not be decoded, and were replaced with REPLACEMENT CHARACTER.
[2022-02-10 07:11:12,699 WARNING] Some characters could not be decoded, and were replaced with REPLACEMENT CHARACTER.
[2022-02-10 07:11:15,134 WARNING] Some characters could not be decoded, and were replaced with REPLACEMENT CHARACTER.
[2022-02-10 07:11:17,953 WARNING] Some characters could not be decoded, and were replaced with REPLACEMENT CHARACTER.
[2022-02-10 07:20:16,096 ERROR] An unexpected error occurred while tokenizing input
The following traceback may be corrupted or invalid
The error message is: ('EOF in multi-line string', (1, 0))

[2022-02-11 05:53:49,919 WARNING] Some characters could not be decoded, and were replaced with REPLACEMENT CHARACTER.
[2022-02-11 05:53:51,592 WARNING] Some characters could not be decoded, and were replaced with REPLACEMENT CHARACTER.
[2022-02-11 05:53:52,936 WARNING] Some characters could not be decoded, and were replaced with REPLACEMENT CHARACTER.
[2022-02-11 05:53:54,587 WARNING] Some characters could not be decoded, and were replaced with REPLACEMENT CHARACTER.
[2022-02-11 05:53:55,862 WARNING] Some characters could not be decoded, and were replaced with REPLACEMENT CHARACTER.
[2022-02-11 05:53:57,212 WARNING] Some characters could not be decoded, and were replaced with REPLACEMENT CHARACTER.
[2022-02-11 08:30:33,019 WARNING] Some characters could not be decoded, and were replaced with REPLACEMENT CHARACTER.
[2022-02-11 08:30:35,682 WARNING] Some characters could not be decoded, and were replaced with REPLACEMENT CHARACTER.
[2022-02-11 08:30:38,407 WARNING] Some characters could not be decoded, and were replaced with REPLACEMENT CHARACTER.
[2022-02-11 08:30:40,579 WARNING] Some characters could not be decoded, and were replaced with REPLACEMENT CHARACTER.
[2022-02-11 08:30:42,782 WARNING] Some characters could not be decoded, and were replaced with REPLACEMENT CHARACTER.
[2022-02-11 08:30:44,570 WARNING] Some characters could not be decoded, and were replaced with REPLACEMENT CHARACTER.
[2022-02-11 08:46:35,515 WARNING] Some characters could not be decoded, and were replaced with REPLACEMENT CHARACTER.
[2022-02-11 08:46:37,266 WARNING] Some characters could not be decoded, and were replaced with REPLACEMENT CHARACTER.
[2022-02-11 08:46:38,964 WARNING] Some characters could not be decoded, and were replaced with REPLACEMENT CHARACTER.
[2022-02-11 08:46:41,270 WARNING] Some characters could not be decoded, and were replaced with REPLACEMENT CHARACTER.
[2022-02-11 08:46:43,322 WARNING] Some characters could not be decoded, and were replaced with REPLACEMENT CHARACTER.
[2022-02-11 08:46:45,108 WARNING] Some characters could not be decoded, and were replaced with REPLACEMENT CHARACTER.
[2022-02-11 08:54:53,184 WARNING] Some characters could not be decoded, and were replaced with REPLACEMENT CHARACTER.
[2022-02-11 08:54:54,982 WARNING] Some characters could not be decoded, and were replaced with REPLACEMENT CHARACTER.
[2022-02-11 08:54:57,431 WARNING] Some characters could not be decoded, and were replaced with REPLACEMENT CHARACTER.
[2022-02-11 08:55:00,172 WARNING] Some characters could not be decoded, and were replaced with REPLACEMENT CHARACTER.
[2022-02-11 08:55:02,762 WARNING] Some characters could not be decoded, and were replaced with REPLACEMENT CHARACTER.
[2022-02-11 08:55:04,790 WARNING] Some characters could not be decoded, and were replaced with REPLACEMENT CHARACTER.
[2022-02-13 05:54:17,696 WARNING] Some characters could not be decoded, and were replaced with REPLACEMENT CHARACTER.
[2022-02-13 05:54:19,376 WARNING] Some characters could not be decoded, and were replaced with REPLACEMENT CHARACTER.
[2022-02-13 05:54:20,611 WARNING] Some characters could not be decoded, and were replaced with REPLACEMENT CHARACTER.
[2022-02-13 05:54:22,301 WARNING] Some characters could not be decoded, and were replaced with REPLACEMENT CHARACTER.
[2022-02-13 05:54:23,943 WARNING] Some characters could not be decoded, and were replaced with REPLACEMENT CHARACTER.
[2022-02-13 05:54:25,651 WARNING] Some characters could not be decoded, and were replaced with REPLACEMENT CHARACTER.
[2022-02-13 07:12:17,030 WARNING] Some characters could not be decoded, and were replaced with REPLACEMENT CHARACTER.
[2022-02-13 07:12:18,153 WARNING] Some characters could not be decoded, and were replaced with REPLACEMENT CHARACTER.
[2022-02-13 07:12:19,220 WARNING] Some characters could not be decoded, and were replaced with REPLACEMENT CHARACTER.
[2022-02-13 07:12:41,397 WARNING] Some characters could not be decoded, and were replaced with REPLACEMENT CHARACTER.
[2022-02-13 07:12:42,745 WARNING] Some characters could not be decoded, and were replaced with REPLACEMENT CHARACTER.
[2022-02-13 07:12:44,002 WARNING] Some characters could not be decoded, and were replaced with REPLACEMENT CHARACTER.
[2022-02-14 04:48:09,321 WARNING] Some characters could not be decoded, and were replaced with REPLACEMENT CHARACTER.
[2022-02-14 04:48:10,911 WARNING] Some characters could not be decoded, and were replaced with REPLACEMENT CHARACTER.
[2022-02-14 04:48:11,799 WARNING] Some characters could not be decoded, and were replaced with REPLACEMENT CHARACTER.
[2022-02-14 04:48:12,752 WARNING] Some characters could not be decoded, and were replaced with REPLACEMENT CHARACTER.
[2022-02-14 04:48:13,642 WARNING] Some characters could not be decoded, and were replaced with REPLACEMENT CHARACTER.
[2022-02-14 04:48:15,210 WARNING] Some characters could not be decoded, and were replaced with REPLACEMENT CHARACTER.
[2022-02-15 04:32:54,112 WARNING] Some characters could not be decoded, and were replaced with REPLACEMENT CHARACTER.
[2022-02-15 04:32:55,925 WARNING] Some characters could not be decoded, and were replaced with REPLACEMENT CHARACTER.
[2022-02-15 04:32:57,267 WARNING] Some characters could not be decoded, and were replaced with REPLACEMENT CHARACTER.
[2022-02-15 04:32:59,385 WARNING] Some characters could not be decoded, and were replaced with REPLACEMENT CHARACTER.
[2022-02-15 04:33:00,956 WARNING] Some characters could not be decoded, and were replaced with REPLACEMENT CHARACTER.
[2022-02-15 04:33:02,385 WARNING] Some characters could not be decoded, and were replaced with REPLACEMENT CHARACTER.
[2022-02-16 06:33:20,892 WARNING] Some characters could not be decoded, and were replaced with REPLACEMENT CHARACTER.
[2022-02-16 06:33:22,568 WARNING] Some characters could not be decoded, and were replaced with REPLACEMENT CHARACTER.
[2022-02-16 06:33:23,629 WARNING] Some characters could not be decoded, and were replaced with REPLACEMENT CHARACTER.
[2022-02-16 06:33:25,217 WARNING] Some characters could not be decoded, and were replaced with REPLACEMENT CHARACTER.
[2022-02-16 06:33:27,139 WARNING] Some characters could not be decoded, and were replaced with REPLACEMENT CHARACTER.
[2022-02-16 06:33:28,813 WARNING] Some characters could not be decoded, and were replaced with REPLACEMENT CHARACTER.
[2022-02-16 08:19:54,106 WARNING] Some characters could not be decoded, and were replaced with REPLACEMENT CHARACTER.
[2022-02-16 08:19:55,925 WARNING] Some characters could not be decoded, and were replaced with REPLACEMENT CHARACTER.
[2022-02-16 08:19:57,976 WARNING] Some characters could not be decoded, and were replaced with REPLACEMENT CHARACTER.
[2022-02-16 08:20:00,983 WARNING] Some characters could not be decoded, and were replaced with REPLACEMENT CHARACTER.
[2022-02-16 08:20:03,414 WARNING] Some characters could not be decoded, and were replaced with REPLACEMENT CHARACTER.
[2022-02-16 08:20:05,223 WARNING] Some characters could not be decoded, and were replaced with REPLACEMENT CHARACTER.
[2022-02-16 08:56:05,845 WARNING] Some characters could not be decoded, and were replaced with REPLACEMENT CHARACTER.
[2022-02-16 08:56:07,267 WARNING] Some characters could not be decoded, and were replaced with REPLACEMENT CHARACTER.
[2022-02-16 08:56:08,648 WARNING] Some characters could not be decoded, and were replaced with REPLACEMENT CHARACTER.
[2022-02-16 08:56:10,050 WARNING] Some characters could not be decoded, and were replaced with REPLACEMENT CHARACTER.
[2022-02-16 08:56:11,868 WARNING] Some characters could not be decoded, and were replaced with REPLACEMENT CHARACTER.
[2022-02-16 08:56:13,310 WARNING] Some characters could not be decoded, and were replaced with REPLACEMENT CHARACTER.
[2022-02-18 08:42:28,444 WARNING] Some characters could not be decoded, and were replaced with REPLACEMENT CHARACTER.
[2022-02-18 08:42:30,132 WARNING] Some characters could not be decoded, and were replaced with REPLACEMENT CHARACTER.
[2022-02-18 08:42:31,778 WARNING] Some characters could not be decoded, and were replaced with REPLACEMENT CHARACTER.
[2022-02-18 08:42:33,816 WARNING] Some characters could not be decoded, and were replaced with REPLACEMENT CHARACTER.
[2022-02-18 08:42:35,922 WARNING] Some characters could not be decoded, and were replaced with REPLACEMENT CHARACTER.
[2022-02-18 08:42:37,388 WARNING] Some characters could not be decoded, and were replaced with REPLACEMENT CHARACTER.
[2022-02-21 05:34:03,108 WARNING] Some characters could not be decoded, and were replaced with REPLACEMENT CHARACTER.
[2022-02-21 05:34:04,799 WARNING] Some characters could not be decoded, and were replaced with REPLACEMENT CHARACTER.
[2022-02-21 05:34:07,243 WARNING] Some characters could not be decoded, and were replaced with REPLACEMENT CHARACTER.
[2022-02-21 05:34:10,477 WARNING] Some characters could not be decoded, and were replaced with REPLACEMENT CHARACTER.
[2022-02-21 05:34:12,289 WARNING] Some characters could not be decoded, and were replaced with REPLACEMENT CHARACTER.
[2022-02-21 05:34:14,143 WARNING] Some characters could not be decoded, and were replaced with REPLACEMENT CHARACTER.
[2022-02-21 06:49:26,360 WARNING] Some characters could not be decoded, and were replaced with REPLACEMENT CHARACTER.
[2022-02-21 06:49:27,923 WARNING] Some characters could not be decoded, and were replaced with REPLACEMENT CHARACTER.
[2022-02-21 06:49:29,415 WARNING] Some characters could not be decoded, and were replaced with REPLACEMENT CHARACTER.
[2022-02-21 06:49:32,234 WARNING] Some characters could not be decoded, and were replaced with REPLACEMENT CHARACTER.
[2022-02-21 06:49:34,548 WARNING] Some characters could not be decoded, and were replaced with REPLACEMENT CHARACTER.
[2022-02-21 06:49:36,618 WARNING] Some characters could not be decoded, and were replaced with REPLACEMENT CHARACTER.
[2022-02-21 07:41:13,389 WARNING] Some characters could not be decoded, and were replaced with REPLACEMENT CHARACTER.
[2022-02-21 07:41:15,019 WARNING] Some characters could not be decoded, and were replaced with REPLACEMENT CHARACTER.
[2022-02-21 07:41:15,986 WARNING] Some characters could not be decoded, and were replaced with REPLACEMENT CHARACTER.
[2022-02-21 07:41:16,956 WARNING] Some characters could not be decoded, and were replaced with REPLACEMENT CHARACTER.
[2022-02-21 07:41:18,247 WARNING] Some characters could not be decoded, and were replaced with REPLACEMENT CHARACTER.
[2022-02-21 07:41:19,209 WARNING] Some characters could not be decoded, and were replaced with REPLACEMENT CHARACTER.
[2022-02-28 06:31:33,322 WARNING] Some characters could not be decoded, and were replaced with REPLACEMENT CHARACTER.
[2022-02-28 06:31:35,040 WARNING] Some characters could not be decoded, and were replaced with REPLACEMENT CHARACTER.
[2022-02-28 06:31:35,934 WARNING] Some characters could not be decoded, and were replaced with REPLACEMENT CHARACTER.
[2022-02-28 06:31:37,355 WARNING] Some characters could not be decoded, and were replaced with REPLACEMENT CHARACTER.
[2022-02-28 06:31:38,662 WARNING] Some characters could not be decoded, and were replaced with REPLACEMENT CHARACTER.
[2022-02-28 06:31:39,600 WARNING] Some characters could not be decoded, and were replaced with REPLACEMENT CHARACTER.
[2022-03-04 05:17:20,144 WARNING] Some characters could not be decoded, and were replaced with REPLACEMENT CHARACTER.
[2022-03-04 05:17:22,166 WARNING] Some characters could not be decoded, and were replaced with REPLACEMENT CHARACTER.
[2022-03-04 05:17:24,437 WARNING] Some characters could not be decoded, and were replaced with REPLACEMENT CHARACTER.
[2022-03-04 05:17:27,320 WARNING] Some characters could not be decoded, and were replaced with REPLACEMENT CHARACTER.
[2022-03-04 05:17:29,660 WARNING] Some characters could not be decoded, and were replaced with REPLACEMENT CHARACTER.
[2022-03-04 05:17:31,336 WARNING] Some characters could not be decoded, and were replaced with REPLACEMENT CHARACTER.
[2022-03-04 05:18:50,453 INFO] NumExpr defaulting to 2 threads.
[2022-03-07 04:54:42,294 WARNING] Some characters could not be decoded, and were replaced with REPLACEMENT CHARACTER.
[2022-03-07 04:54:44,067 WARNING] Some characters could not be decoded, and were replaced with REPLACEMENT CHARACTER.
[2022-03-07 04:54:45,494 WARNING] Some characters could not be decoded, and were replaced with REPLACEMENT CHARACTER.
[2022-03-07 04:54:47,272 WARNING] Some characters could not be decoded, and were replaced with REPLACEMENT CHARACTER.
[2022-03-07 04:54:48,712 WARNING] Some characters could not be decoded, and were replaced with REPLACEMENT CHARACTER.
[2022-03-07 04:54:50,103 WARNING] Some characters could not be decoded, and were replaced with REPLACEMENT CHARACTER.
[2022-03-07 04:56:10,320 INFO] NumExpr defaulting to 2 threads.
[2022-03-08 03:17:24,213 WARNING] Some characters could not be decoded, and were replaced with REPLACEMENT CHARACTER.
[2022-03-08 03:17:25,920 WARNING] Some characters could not be decoded, and were replaced with REPLACEMENT CHARACTER.
[2022-03-08 03:17:28,066 WARNING] Some characters could not be decoded, and were replaced with REPLACEMENT CHARACTER.
[2022-03-08 03:17:30,697 WARNING] Some characters could not be decoded, and were replaced with REPLACEMENT CHARACTER.
[2022-03-08 03:17:32,869 WARNING] Some characters could not be decoded, and were replaced with REPLACEMENT CHARACTER.
[2022-03-08 03:17:34,699 WARNING] Some characters could not be decoded, and were replaced with REPLACEMENT CHARACTER.
[2022-03-08 03:19:01,977 INFO] NumExpr defaulting to 2 threads.
[2022-03-09 12:16:51,622 WARNING] Some characters could not be decoded, and were replaced with REPLACEMENT CHARACTER.
[2022-03-09 12:16:53,186 WARNING] Some characters could not be decoded, and were replaced with REPLACEMENT CHARACTER.
[2022-03-09 12:16:54,577 WARNING] Some characters could not be decoded, and were replaced with REPLACEMENT CHARACTER.
[2022-03-09 12:16:56,036 WARNING] Some characters could not be decoded, and were replaced with REPLACEMENT CHARACTER.
[2022-03-09 12:16:57,701 WARNING] Some characters could not be decoded, and were replaced with REPLACEMENT CHARACTER.
[2022-03-09 12:16:59,090 WARNING] Some characters could not be decoded, and were replaced with REPLACEMENT CHARACTER.
[2022-03-09 12:18:52,188 INFO] NumExpr defaulting to 2 threads.
[2022-03-10 06:27:05,189 WARNING] Some characters could not be decoded, and were replaced with REPLACEMENT CHARACTER.
[2022-03-10 06:27:06,934 WARNING] Some characters could not be decoded, and were replaced with REPLACEMENT CHARACTER.
[2022-03-10 06:27:09,244 WARNING] Some characters could not be decoded, and were replaced with REPLACEMENT CHARACTER.
[2022-03-10 06:27:11,808 WARNING] Some characters could not be decoded, and were replaced with REPLACEMENT CHARACTER.
[2022-03-10 06:27:13,933 WARNING] Some characters could not be decoded, and were replaced with REPLACEMENT CHARACTER.
[2022-03-10 06:27:15,737 WARNING] Some characters could not be decoded, and were replaced with REPLACEMENT CHARACTER.
[2022-03-10 06:28:43,043 INFO] NumExpr defaulting to 2 threads.
[2022-05-03 04:38:48,889 WARNING] Some characters could not be decoded, and were replaced with REPLACEMENT CHARACTER.
[2022-05-03 04:38:51,434 WARNING] Some characters could not be decoded, and were replaced with REPLACEMENT CHARACTER.
[2022-05-03 04:38:52,875 WARNING] Some characters could not be decoded, and were replaced with REPLACEMENT CHARACTER.
[2022-05-03 04:38:54,283 WARNING] Some characters could not be decoded, and were replaced with REPLACEMENT CHARACTER.
[2022-05-03 04:38:55,610 WARNING] Some characters could not be decoded, and were replaced with REPLACEMENT CHARACTER.
[2022-05-03 04:38:57,270 WARNING] Some characters could not be decoded, and were replaced with REPLACEMENT CHARACTER.
[2022-05-05 10:04:50,276 WARNING] Some characters could not be decoded, and were replaced with REPLACEMENT CHARACTER.
[2022-05-05 10:04:51,830 WARNING] Some characters could not be decoded, and were replaced with REPLACEMENT CHARACTER.
[2022-05-05 10:04:53,160 WARNING] Some characters could not be decoded, and were replaced with REPLACEMENT CHARACTER.
[2022-05-05 10:04:54,521 WARNING] Some characters could not be decoded, and were replaced with REPLACEMENT CHARACTER.
[2022-05-05 10:04:55,894 WARNING] Some characters could not be decoded, and were replaced with REPLACEMENT CHARACTER.
[2022-05-05 10:04:57,250 WARNING] Some characters could not be decoded, and were replaced with REPLACEMENT CHARACTER.
[2022-05-05 10:11:32,011 ERROR] An unexpected error occurred while tokenizing input
The following traceback may be corrupted or invalid
The error message is: ('EOF in multi-line string', (1, 0))

[2022-05-05 10:53:33,046 WARNING] Some characters could not be decoded, and were replaced with REPLACEMENT CHARACTER.
[2022-05-05 10:53:35,238 WARNING] Some characters could not be decoded, and were replaced with REPLACEMENT CHARACTER.
[2022-05-05 10:53:36,693 WARNING] Some characters could not be decoded, and were replaced with REPLACEMENT CHARACTER.
[2022-05-05 10:53:38,139 WARNING] Some characters could not be decoded, and were replaced with REPLACEMENT CHARACTER.
[2022-05-05 10:53:39,634 WARNING] Some characters could not be decoded, and were replaced with REPLACEMENT CHARACTER.
[2022-05-05 10:53:41,098 WARNING] Some characters could not be decoded, and were replaced with REPLACEMENT CHARACTER.
